[www.mightyapp.com/index.html]
[backblue.gif]
[fade.gif]
[index.html]
[assets.website-files.com/605cf560c1c73e1ee595cfc6/css/mightyapp.2b8b91d33.min.css]
[ajax.googleapis.com/ajax/libs/webfont/1.6.26/webfont.js]
[assets.website-files.com/605cf560c1c73e1ee595cfc6/605d5d7bc3427965e070639e_favicon.png]
[assets.website-files.com/605cf560c1c73e1ee595cfc6/6077d5262cf4c11bdfeac785_webclip.png]
[assets.website-files.com/605cf560c1c73e1ee595cfc6/60763a705c6e993d4388ae50_hero-main.jpg]
[assets.website-files.com/605cf560c1c73e1ee595cfc6/60763c2c42e64c6732d55020_hero-notion.png]
[assets.website-files.com/605cf560c1c73e1ee595cfc6/60763c2c6b640903d7b43c50_hero-google.png]
[assets.website-files.com/605cf560c1c73e1ee595cfc6/6095811c4e43c356899dcc9b_hero-airtable.png]
[assets.website-files.com/605cf560c1c73e1ee595cfc6/60763c2c4063f9034323bb16_hero-figma.png]
[assets.website-files.com/605cf560c1c73e1ee595cfc6/605e71ed25146e0384cd2b64_hero-glow.png]
[assets.website-files.com/605cf560c1c73e1ee595cfc6/606f0acd880cdb2340af8fad_Notion.jpg]
[assets.website-files.com/605cf560c1c73e1ee595cfc6/606f0acc86cabe73c1befb85_Slack.jpg]
[assets.website-files.com/605cf560c1c73e1ee595cfc6/606f0acd95368d8f4fe2948c_Sheets.jpg]
[assets.website-files.com/605cf560c1c73e1ee595cfc6/606f0acc763c44a03788bbb5_Vectary.jpg]
[assets.website-files.com/605cf560c1c73e1ee595cfc6/606f0acdc2b238d1fe5f5732_Docs.jpg]
[assets.website-files.com/605cf560c1c73e1ee595cfc6/60708a66934bd7b2ae921eec_Asana.jpg]
[assets.website-files.com/605cf560c1c73e1ee595cfc6/606f0acd1a1008422145c135_Airtable.jpg]
[assets.website-files.com/605cf560c1c73e1ee595cfc6/606f0acc9856c0f2d874c16b_Drive.jpg]
[assets.website-files.com/605cf560c1c73e1ee595cfc6/606f15d2b7689d29e1ad1ad5_Figma.jpg]
[assets.website-files.com/605cf560c1c73e1ee595cfc6/605f8671abaa953bd818c906_s1-avatar.jpg]
[assets.website-files.com/605cf560c1c73e1ee595cfc6/6060fcbded0c909deb83be28_s3-glow.png]
[assets.website-files.com/605cf560c1c73e1ee595cfc6/60662265e666ff915fb36e0a_s2-fan-1.png]
[assets.website-files.com/605cf560c1c73e1ee595cfc6/606622a761d9c552be565673_s2-fan-2.png]
[assets.website-files.com/605cf560c1c73e1ee595cfc6/606622e077e9d91d7921cc2a_s2-fan-3.png]
[assets.website-files.com/605cf560c1c73e1ee595cfc6/6066249d42ce3a67d11ba12c_s2-fan-4.png]
[assets.website-files.com/605cf560c1c73e1ee595cfc6/6061d18f604a203bf3147565_s2-avatar.jpg]
[assets.website-files.com/605cf560c1c73e1ee595cfc6/60624754f96ed042fbbd3351_s3-thumbnail-1.jpg]
[assets.website-files.com/605cf560c1c73e1ee595cfc6/60624754fdc21832671f01c8_s3-thumbnail-2.jpg]
[assets.website-files.com/605cf560c1c73e1ee595cfc6/606247544795c83ef35f6bb7_s3-thumbnail-3.jpg]
[assets.website-files.com/605cf560c1c73e1ee595cfc6/60624755fdb267913dac2f94_s3-thumbnail-4.jpg]
[assets.website-files.com/605cf560c1c73e1ee595cfc6/606dfb230819093210f18084_zoom-screen.jpg]
[assets.website-files.com/605cf560c1c73e1ee595cfc6/609584cc00a852ab2f141a07_gmail-screen.jpg]
[assets.website-files.com/605cf560c1c73e1ee595cfc6/609583194e43c3d7c19dd651_Figma.jpg]
[assets.website-files.com/605cf560c1c73e1ee595cfc6/60774c6f6f4773381806197a_ben-levy.jpg]
[assets.website-files.com/605cf560c1c73e1ee595cfc6/606dfb23081909f34bf1808e_gdrive.png]
[assets.website-files.com/605cf560c1c73e1ee595cfc6/606dfb23081909f894f18071_speed-bg.png]
[assets.website-files.com/605cf560c1c73e1ee595cfc6/606f1a134a5da64a8b91bce0_processor.png]
[assets.website-files.com/605cf560c1c73e1ee595cfc6/606f1a13108e5c5456b551a1_processor-glow.png]
[assets.website-files.com/605cf560c1c73e1ee595cfc6/606dfb230819098300f1807a_Frame 5247 copy.png]
[www.mightyapp.com/security.html]
[assets.website-files.com/605cf560c1c73e1ee595cfc6/60760fe10e9fa58471850674_icon-control.png]
[assets.website-files.com/605cf560c1c73e1ee595cfc6/60760fe150498fad26efc52c_icon-encryption.png]
[assets.website-files.com/605cf560c1c73e1ee595cfc6/60760fe16ecc51c27297c6a8_icon-audit.png]
[assets.website-files.com/605cf560c1c73e1ee595cfc6/60760fe1a6512ee9986c6d6d_icon-2fa.png]
[assets.website-files.com/605cf560c1c73e1ee595cfc6/60760fe1a1597d191ca52223_icon-browser.png]
[assets.website-files.com/605cf560c1c73e1ee595cfc6/60760fe213aab50f0fb54c55_icon-data.png]
[assets.website-files.com/605cf560c1c73e1ee595cfc6/6063996cb5d79a684ef48c0b_s5-avatar.jpg]
[assets.website-files.com/605cf560c1c73e1ee595cfc6/606dfb23081909264df1807f_cta-bg-small.png]
[d3e54v103j8qbb.cloudfront.net/js/jquery-3.5.1.min.dc5e7f18c88764.js]
[www.mightyapp.com/index.html]
[assets.website-files.com/605cf560c1c73e1ee595cfc6/js/mightyapp.3fc5f908a.js]
[assets.website-files.com/605cf560c1c73e1ee595cfc6/606dfb23081909203cf1806b_laptop.png]
[assets.website-files.com/605cf560c1c73e1ee595cfc6/css/mightyapp.2b8b91d33.min.css]
[www.mightyapp.com/security.html]
[www.mightyapp.com/_https_/assets.website-files.com/605cf560c1c73e1ee595cfc6/6077b961325eb93570671b8e_figma-timelapse-poster-00001.html]
[www.mightyapp.com/privacy.html]
[www.mightyapp.com/terms.html]
